Map Success!.
--------------------------------------------------------
node=0,mapped=PE_0,1,1
	parent:46
		coreCGRA.PE_3,2,1.arithFU0.DP0.T
		coreCGRA.PE_3,2,1.arithFU0.DP0_T
		coreCGRA.PE_3,2,1.RFT.WRP0
		coreCGRA.PE_3,2,1.RFT.REG_O0
		coreCGRA.PE_3,2,1.RFT_REG_O0
		coreCGRA.PE_0,2,1.RFT_REG_I0
		coreCGRA.PE_0,2,1.RFT.REG_I0
		coreCGRA.PE_0,2,1.RFT.RDP0
		coreCGRA.PE_0,2,1.NORTH_O
		coreCGRA.PE_0,1,1.SOUTH_I
		coreCGRA.PE_0,1,1.SOUTH_XBARI
		coreCGRA.PE_0,1,1.arithFU0.DP0_I1
		coreCGRA.PE_0,1,1.arithFU0.DP0.I1
	parent:45
		coreCGRA.PE_3,1,0.memFU0.DP0.T
		coreCGRA.PE_3,1,0.memFU0.DP0_T
		coreCGRA.PE_3,1,0.RFT.WRP0
		coreCGRA.PE_3,1,0.RFT.REG_O0
		coreCGRA.PE_3,1,0.RFT_REG_O0
		coreCGRA.PE_0,1,0.RFT_REG_I0
		coreCGRA.PE_0,1,0.RFT.REG_I0
		coreCGRA.PE_0,1,0.RFT.RDP0
		coreCGRA.PE_0,1,0.EAST_O
		coreCGRA.PE_0,1,1.WEST_I
		coreCGRA.PE_0,1,1.WEST_XBARI
		coreCGRA.PE_0,1,1.arithFU0.DP0_I2
		coreCGRA.PE_0,1,1.arithFU0.DP0.I2
node=22,mapped=PE_0,1,1
node=21,mapped=PE_2,1,1
	parent:22
		coreCGRA.PE_2,1,1.logicFU0.DP0_T
		coreCGRA.PE_2,1,1.SOUTH_O
		coreCGRA.PE_2,2,1.NORTH_I
		coreCGRA.PE_2,2,1.NORTH_XBARI
		coreCGRA.PE_2,2,1.NORTH_O
		coreCGRA.PE_2,1,1.SOUTH_I
		coreCGRA.PE_2,1,1.SOUTH_XBARI
		coreCGRA.PE_2,1,1.arithFU0.DP0_I2
		coreCGRA.PE_2,1,1.arithFU0.DP0.I2
	parent:0
		coreCGRA.PE_2,1,1.arithFU0.DP0.I1
node=57,mapped=PE_0,1,2
	parent:21
		coreCGRA.PE_0,1,1.arithFU0.DP0_T
		coreCGRA.PE_0,1,1.EAST_O
		coreCGRA.PE_0,1,2.WEST_I
		coreCGRA.PE_0,1,2.WEST_XBARI
		coreCGRA.PE_0,1,2.arithFU0.DP0_I1
		coreCGRA.PE_0,1,2.arithFU0.DP0.I1
node=56,mapped=PE_0,1,2
	parent:21
		coreCGRA.PE_0,1,2.logicFU0.DP0_I1
		coreCGRA.PE_0,1,2.logicFU0.DP0.I1
node=32,mapped=PE_0,2,1
node=27,mapped=PE_0,2,1
node=2,mapped=PE_0,2,2
node=55,mapped=PE_2,1,2
	parent:0
		coreCGRA.PE_2,1,1.arithFU0.DP0_T
		coreCGRA.PE_2,1,1.EAST_O
		coreCGRA.PE_2,1,2.WEST_I
		coreCGRA.PE_2,1,2.WEST_XBARI
		coreCGRA.PE_2,1,2.arithFU0.DP0_I1
		coreCGRA.PE_2,1,2.arithFU0.DP0.I1
node=54,mapped=PE_2,1,2
	parent:0
		coreCGRA.PE_2,1,2.logicFU0.DP0_I1
		coreCGRA.PE_2,1,2.logicFU0.DP0.I1
node=36,mapped=PE_2,2,2
	parent:57
		coreCGRA.PE_2,1,2.arithFU0.DP0_T
		coreCGRA.PE_2,1,2.SOUTH_O
		coreCGRA.PE_2,2,2.NORTH_I
		coreCGRA.PE_2,2,2.NORTH_XBARI
		coreCGRA.PE_2,2,2.arithFU0.DP0_I1
		coreCGRA.PE_2,2,2.arithFU0.DP0.I1
node=23,mapped=PE_3,1,2
	parent:56
		coreCGRA.PE_2,1,2.logicFU0.DP0_T
		coreCGRA.PE_2,1,2.RFT.WRP0
		coreCGRA.PE_2,1,2.RFT.REG_O0
		coreCGRA.PE_2,1,2.RFT_REG_O0
		coreCGRA.PE_3,1,2.RFT_REG_I0
		coreCGRA.PE_3,1,2.RFT.REG_I0
		coreCGRA.PE_3,1,2.RFT.RDP0
		coreCGRA.PE_3,1,2.arithFU0.DP0_I1
		coreCGRA.PE_3,1,2.arithFU0.DP0.I1
node=1,mapped=PE_3,1,2
	parent:2
		coreCGRA.PE_2,2,2.arithFU0.DP0_T
		coreCGRA.PE_2,2,2.RFT.WRP0
		coreCGRA.PE_2,2,2.RFT.REG_O0
		coreCGRA.PE_2,2,2.RFT_REG_O0
		coreCGRA.PE_3,2,2.RFT_REG_I0
		coreCGRA.PE_3,2,2.RFT.REG_I0
		coreCGRA.PE_3,2,2.RFT.RDP0
		coreCGRA.PE_3,2,2.NORTH_O
		coreCGRA.PE_3,1,2.SOUTH_I
		coreCGRA.PE_3,1,2.SOUTH_XBARI
		coreCGRA.PE_3,1,2.logicFU0.DP0_I2
		coreCGRA.PE_3,1,2.logicFU0.DP0.I2
	parent:0
		coreCGRA.PE_2,1,2.RF2.WRP0
		coreCGRA.PE_2,1,2.RF2.REG_O0
		coreCGRA.PE_2,1,2.RF2_REG_O0
		coreCGRA.PE_3,1,2.RF2_REG_I0
		coreCGRA.PE_3,1,2.RF2.REG_I0
		coreCGRA.PE_3,1,2.RF2.RDP0
		coreCGRA.PE_3,1,2.WEST_XBARI
		coreCGRA.PE_3,1,2.logicFU0.DP0_I1
		coreCGRA.PE_3,1,2.logicFU0.DP0.I1
node=48,mapped=PE_0,2,2
node=37,mapped=PE_1,2,2
	parent:36
		coreCGRA.PE_0,2,2.arithFU0.DP0_T
		coreCGRA.PE_0,2,2.RFT.WRP0
		coreCGRA.PE_0,2,2.RFT.REG_O0
		coreCGRA.PE_0,2,2.RFT_REG_O0
		coreCGRA.PE_1,2,2.RFT_REG_I0
		coreCGRA.PE_1,2,2.RFT.REG_I0
		coreCGRA.PE_1,2,2.RFT.RDP0
		coreCGRA.PE_1,2,2.arithFU0.DP0_I2
		coreCGRA.PE_1,2,2.arithFU0.DP0.I2
node=24,mapped=PE_1,1,2
	parent:23
		coreCGRA.PE_1,1,2.arithFU0.DP0.I2
node=4,mapped=PE_3,1,1
node=6,mapped=PE_1,1,2
	parent:54
		coreCGRA.PE_0,1,2.logicFU0.DP0_T
		coreCGRA.PE_0,1,2.RFT.WRP0
		coreCGRA.PE_0,1,2.RFT.REG_O0
		coreCGRA.PE_0,1,2.RFT_REG_O0
		coreCGRA.PE_1,1,2.RFT_REG_I0
		coreCGRA.PE_1,1,2.RFT.REG_I0
		coreCGRA.PE_1,1,2.RFT.RDP0
		coreCGRA.PE_1,1,2.logicFU0.DP0_I1
		coreCGRA.PE_1,1,2.logicFU0.DP0.I1
node=14,mapped=PE_0,0,2
	parent:55
		coreCGRA.PE_0,1,2.arithFU0.DP0_T
		coreCGRA.PE_0,1,2.NORTH_O
		coreCGRA.PE_0,0,2.SOUTH_I
		coreCGRA.PE_0,0,2.SOUTH_XBARI
		coreCGRA.PE_0,0,2.arithFU0.DP0_I1
		coreCGRA.PE_0,0,2.arithFU0.DP0.I1
node=10,mapped=PE_1,1,1
node=8,mapped=PE_3,1,1
	parent:6
		coreCGRA.PE_3,1,2.logicFU0.DP0_T
		coreCGRA.PE_3,1,2.WEST_O
		coreCGRA.PE_3,1,1.EAST_I
		coreCGRA.PE_3,1,1.EAST_XBARI
		coreCGRA.PE_3,1,1.logicFU0.DP0_I2
		coreCGRA.PE_3,1,1.logicFU0.DP0.I2
node=3,mapped=PE_1,1,1
	parent:4
		coreCGRA.PE_1,1,1.arithFU0.DP0_T
		coreCGRA.PE_1,1,1.SOUTH_O
		coreCGRA.PE_1,2,1.NORTH_I
		coreCGRA.PE_1,2,1.NORTH_XBARI
		coreCGRA.PE_1,2,1.NORTH_O
		coreCGRA.PE_1,1,1.SOUTH_I
		coreCGRA.PE_1,1,1.SOUTH_XBARI
		coreCGRA.PE_1,1,1.logicFU0.DP0_I2
		coreCGRA.PE_1,1,1.logicFU0.DP0.I2
	parent:1
		coreCGRA.PE_1,1,2.logicFU0.DP0_T
		coreCGRA.PE_1,1,2.WEST_O
		coreCGRA.PE_1,1,1.EAST_I
		coreCGRA.PE_1,1,1.EAST_XBARI
		coreCGRA.PE_1,1,1.logicFU0.DP0_I1
		coreCGRA.PE_1,1,1.logicFU0.DP0.I1
node=53,mapped=PE_1,2,2
node=50,mapped=PE_2,2,2
	parent:48
		coreCGRA.PE_2,2,2.logicFU0.DP0.I1
node=49,mapped=PE_2,2,1
	parent:48
		coreCGRA.PE_2,2,2.logicFU0.DP0_T
		coreCGRA.PE_2,2,2.WEST_O
		coreCGRA.PE_2,2,1.EAST_I
		coreCGRA.PE_2,2,1.EAST_XBARI
		coreCGRA.PE_2,2,1.arithFU0.DP0_I1
		coreCGRA.PE_2,2,1.arithFU0.DP0.I1
node=47,mapped=PE_3,2,1
node=38,mapped=PE_3,2,2
	parent:37
		coreCGRA.PE_3,2,2.arithFU0.DP0.I1
node=16,mapped=PE_2,0,2
	parent:14
		coreCGRA.PE_2,0,2.arithFU0.DP0.I2
node=25,mapped=PE_3,0,2
	parent:24
		coreCGRA.PE_3,1,2.arithFU0.DP0_T
		coreCGRA.PE_3,1,2.NORTH_O
		coreCGRA.PE_3,0,2.SOUTH_I
		coreCGRA.PE_3,0,2.SOUTH_XBARI
		coreCGRA.PE_3,0,2.arithFU0.DP0_I1
		coreCGRA.PE_3,0,2.arithFU0.DP0.I1
node=17,mapped=PE_0,0,1
	parent:10
		coreCGRA.PE_3,1,1.arithFU0.DP0_T
		coreCGRA.PE_3,1,1.RFT.WRP0
		coreCGRA.PE_3,1,1.RFT.REG_O0
		coreCGRA.PE_3,1,1.RFT_REG_O0
		coreCGRA.PE_0,1,1.RFT_REG_I0
		coreCGRA.PE_0,1,1.RFT.REG_I0
		coreCGRA.PE_0,1,1.RFT.RDP0
		coreCGRA.PE_0,1,1.NORTH_O
		coreCGRA.PE_0,0,1.SOUTH_I
		coreCGRA.PE_0,0,1.SOUTH_XBARI
		coreCGRA.PE_0,0,1.arithFU0.DP0_I2
		coreCGRA.PE_0,0,1.arithFU0.DP0.I2
	parent:16
		coreCGRA.PE_0,0,2.arithFU0.DP0_T
		coreCGRA.PE_0,0,2.WEST_O
		coreCGRA.PE_0,0,1.EAST_I
		coreCGRA.PE_0,0,1.EAST_XBARI
		coreCGRA.PE_0,0,1.arithFU0.DP0_I1
		coreCGRA.PE_0,0,1.arithFU0.DP0.I1
node=5,mapped=PE_3,2,1
	parent:3
		coreCGRA.PE_3,1,1.logicFU0.DP0_T
		coreCGRA.PE_3,1,1.SOUTH_O
		coreCGRA.PE_3,2,1.NORTH_I
		coreCGRA.PE_3,2,1.NORTH_XBARI
		coreCGRA.PE_3,2,1.logicFU0.DP0_I1
		coreCGRA.PE_3,2,1.logicFU0.DP0.I1
node=31,mapped=PE_2,0,2
	parent:32
		coreCGRA.PE_2,2,1.arithFU0.DP0_T
		coreCGRA.PE_2,2,1.EAST_O
		coreCGRA.PE_2,2,2.WEST_I
		coreCGRA.PE_2,2,2.WEST_XBARI
		coreCGRA.PE_2,2,2.NORTH_O
		coreCGRA.PE_2,1,2.SOUTH_I
		coreCGRA.PE_2,1,2.SOUTH_XBARI
		coreCGRA.PE_2,1,2.NORTH_O
		coreCGRA.PE_2,0,2.SOUTH_I
		coreCGRA.PE_2,0,2.SOUTH_XBARI
		coreCGRA.PE_2,0,2.logicFU0.DP0_I2
		coreCGRA.PE_2,0,2.logicFU0.DP0.I2
	parent:25
		coreCGRA.PE_1,0,2.arithFU0.DP0_T
		coreCGRA.PE_1,0,2.RFT.WRP0
		coreCGRA.PE_1,0,2.RFT.REG_O0
		coreCGRA.PE_1,0,2.RFT_REG_O0
		coreCGRA.PE_2,0,2.RFT_REG_I0
		coreCGRA.PE_2,0,2.RFT.REG_I0
		coreCGRA.PE_2,0,2.RFT.RDP0
		coreCGRA.PE_2,0,2.logicFU0.DP0_I1
		coreCGRA.PE_2,0,2.logicFU0.DP0.I1
node=51,mapped=PE_0,2,3
	parent:50
		coreCGRA.PE_0,2,2.logicFU0.DP0_T
		coreCGRA.PE_0,2,2.EAST_O
		coreCGRA.PE_0,2,3.WEST_I
		coreCGRA.PE_0,2,3.WEST_XBARI
		coreCGRA.PE_0,2,3.arithFU0.DP0_P
		coreCGRA.PE_0,2,3.arithFU0.DP0.P
node=46,mapped=PE_1,2,1
	parent:47
		coreCGRA.PE_1,2,1.arithFU0.DP0.I1
	parent:49
		coreCGRA.PE_0,2,1.arithFU0.DP0_T
		coreCGRA.PE_0,2,1.RFT.WRP0
		coreCGRA.PE_0,2,1.RFT.REG_O0
		coreCGRA.PE_0,2,1.RFT_REG_O0
		coreCGRA.PE_1,2,1.RFT_REG_I0
		coreCGRA.PE_1,2,1.RFT.REG_I0
		coreCGRA.PE_1,2,1.RFT.RDP0
		coreCGRA.PE_1,2,1.arithFU0.DP0_P
		coreCGRA.PE_1,2,1.arithFU0.DP0.P
node=9,mapped=PE_1,0,1
	parent:10
		coreCGRA.PE_0,0,1.SOUTH_O
		coreCGRA.PE_0,1,1.NORTH_I
		coreCGRA.PE_0,1,1.RF0.WRP0
		coreCGRA.PE_0,1,1.RF0.REG_O0
		coreCGRA.PE_0,1,1.RF0_REG_O0
		coreCGRA.PE_1,1,1.RF0_REG_I0
		coreCGRA.PE_1,1,1.RF0.REG_I0
		coreCGRA.PE_1,1,1.RF0.RDP0
		coreCGRA.PE_1,1,1.NORTH_XBARI
		coreCGRA.PE_1,1,1.NORTH_O
		coreCGRA.PE_1,0,1.SOUTH_I
		coreCGRA.PE_1,0,1.SOUTH_XBARI
		coreCGRA.PE_1,0,1.arithFU0.DP0_I2
		coreCGRA.PE_1,0,1.arithFU0.DP0.I2
	parent:8
node=26,mapped=PE_2,0,1
	parent:27
		coreCGRA.PE_2,2,1.logicFU0.DP0_T
		coreCGRA.PE_2,2,1.WEST_O
		coreCGRA.PE_2,2,0.EAST_I
		coreCGRA.PE_2,2,0.EAST_XBARI
		coreCGRA.PE_2,2,0.NORTH_O
		coreCGRA.PE_2,1,0.SOUTH_I
		coreCGRA.PE_2,1,0.SOUTH_XBARI
		coreCGRA.PE_2,1,0.NORTH_O
		coreCGRA.PE_2,0,0.SOUTH_I
		coreCGRA.PE_2,0,0.SOUTH_XBARI
		coreCGRA.PE_2,0,0.EAST_O
		coreCGRA.PE_2,0,1.WEST_I
		coreCGRA.PE_2,0,1.WEST_XBARI
		coreCGRA.PE_2,0,1.arithFU0.DP0_I2
		coreCGRA.PE_2,0,1.arithFU0.DP0.I2
	parent:25
		coreCGRA.PE_2,0,2.WEST_O
		coreCGRA.PE_2,0,1.EAST_I
		coreCGRA.PE_2,0,1.EAST_XBARI
		coreCGRA.PE_2,0,1.arithFU0.DP0_I1
		coreCGRA.PE_2,0,1.arithFU0.DP0.I1
node=39,mapped=PE_2,2,3
	parent:32
		coreCGRA.PE_2,2,2.EAST_O
		coreCGRA.PE_2,2,3.WEST_I
		coreCGRA.PE_2,2,3.WEST_XBARI
		coreCGRA.PE_2,2,3.arithFU0.DP0_I2
		coreCGRA.PE_2,2,3.arithFU0.DP0.I2
	parent:38
		coreCGRA.PE_1,2,2.arithFU0.DP0_T
		coreCGRA.PE_1,2,2.EAST_O
		coreCGRA.PE_1,2,3.WEST_I
		coreCGRA.PE_1,2,3.WEST_XBARI
		coreCGRA.PE_1,2,3.NORTH_O
		coreCGRA.PE_1,1,3.SOUTH_I
		coreCGRA.PE_1,1,3.RF3.WRP0
		coreCGRA.PE_1,1,3.RF3.REG_O0
		coreCGRA.PE_1,1,3.RF3_REG_O0
		coreCGRA.PE_2,1,3.RF3_REG_I0
		coreCGRA.PE_2,1,3.RF3.REG_I0
		coreCGRA.PE_2,1,3.RF3.RDP0
		coreCGRA.PE_2,1,3.SOUTH_XBARI
		coreCGRA.PE_2,1,3.SOUTH_O
		coreCGRA.PE_2,2,3.NORTH_I
		coreCGRA.PE_2,2,3.NORTH_XBARI
		coreCGRA.PE_2,2,3.arithFU0.DP0_I1
		coreCGRA.PE_2,2,3.arithFU0.DP0.I1
node=42,mapped=PE_2,0,3
	parent:27
		coreCGRA.PE_2,0,1.EAST_O
		coreCGRA.PE_2,0,2.WEST_I
		coreCGRA.PE_2,0,2.WEST_XBARI
		coreCGRA.PE_2,0,2.EAST_O
		coreCGRA.PE_2,0,3.WEST_I
		coreCGRA.PE_2,0,3.WEST_XBARI
		coreCGRA.PE_2,0,3.arithFU0.DP0_I2
		coreCGRA.PE_2,0,3.arithFU0.DP0.I2
	parent:38
		coreCGRA.PE_2,1,3.NORTH_O
		coreCGRA.PE_2,0,3.SOUTH_I
		coreCGRA.PE_2,0,3.SOUTH_XBARI
		coreCGRA.PE_2,0,3.arithFU0.DP0_I1
		coreCGRA.PE_2,0,3.arithFU0.DP0.I1
node=43,mapped=PE_0,0,3
	parent:42
		coreCGRA.PE_0,0,3.arithFU0.DP0.I1
node=52,mapped=PE_1,2,1
	parent:5
		coreCGRA.PE_1,2,1.logicFU0.DP0.P
	parent:53
		coreCGRA.PE_3,2,2.logicFU0.DP0_T
		coreCGRA.PE_3,2,2.RFT.WRP0
		coreCGRA.PE_3,2,2.RFT.REG_O0
		coreCGRA.PE_3,2,2.RFT_REG_O0
		coreCGRA.PE_0,2,2.RFT_REG_I0
		coreCGRA.PE_0,2,2.RFT.REG_I0
		coreCGRA.PE_0,2,2.RFT.RDP0
		coreCGRA.PE_0,2,2.WEST_O
		coreCGRA.PE_0,2,1.EAST_I
		coreCGRA.PE_0,2,1.RF1.WRP0
		coreCGRA.PE_0,2,1.RF1.REG_O0
		coreCGRA.PE_0,2,1.RF1_REG_O0
		coreCGRA.PE_1,2,1.RF1_REG_I0
		coreCGRA.PE_1,2,1.RF1.REG_I0
		coreCGRA.PE_1,2,1.RF1.RDP0
		coreCGRA.PE_1,2,1.EAST_XBARI
		coreCGRA.PE_1,2,1.logicFU0.DP0_I1
		coreCGRA.PE_1,2,1.logicFU0.DP0.I1
node=45,mapped=PE_1,1,0
	parent:5
		coreCGRA.PE_1,2,1.logicFU0.DP0_T
		coreCGRA.PE_1,2,1.WEST_O
		coreCGRA.PE_1,2,0.EAST_I
		coreCGRA.PE_1,2,0.EAST_XBARI
		coreCGRA.PE_1,2,0.NORTH_O
		coreCGRA.PE_1,1,0.SOUTH_I
		coreCGRA.PE_1,1,0.SOUTH_XBARI
		coreCGRA.PE_1,1,0.memFU0.DP0_P
		coreCGRA.PE_1,1,0.memFU0.DP0.P
	parent:1
		coreCGRA.PE_1,1,1.WEST_O
		coreCGRA.PE_1,1,0.EAST_I
		coreCGRA.PE_1,1,0.EAST_XBARI
		coreCGRA.PE_1,1,0.memFU0.DP0_I1
		coreCGRA.PE_1,1,0.memFU0.DP0.I1
node=28,mapped=PE_1,0,1
	parent:26
		coreCGRA.PE_0,0,1.arithFU0.DP0_T
		coreCGRA.PE_0,0,1.RFT.WRP0
		coreCGRA.PE_0,0,1.RFT.REG_O0
		coreCGRA.PE_0,0,1.RFT_REG_O0
		coreCGRA.PE_1,0,1.RFT_REG_I0
		coreCGRA.PE_1,0,1.RFT.REG_I0
		coreCGRA.PE_1,0,1.RFT.RDP0
		coreCGRA.PE_1,0,1.logicFU0.DP0_I1
		coreCGRA.PE_1,0,1.logicFU0.DP0.I1
node=40,mapped=PE_0,1,3
	parent:39
		coreCGRA.PE_0,2,3.arithFU0.DP0_T
		coreCGRA.PE_0,2,3.NORTH_O
		coreCGRA.PE_0,1,3.SOUTH_I
		coreCGRA.PE_0,1,3.SOUTH_XBARI
		coreCGRA.PE_0,1,3.arithFU0.DP0_I1
		coreCGRA.PE_0,1,3.arithFU0.DP0.I1
node=33,mapped=PE_0,0,2
	parent:31
		coreCGRA.PE_0,0,2.logicFU0.DP0.I1
node=41,mapped=PE_2,1,3
	parent:40
		coreCGRA.PE_2,1,3.arithFU0.DP0.I1
node=44,mapped=PE_3,0,3
	parent:43
		coreCGRA.PE_2,0,3.arithFU0.DP0_T
		coreCGRA.PE_2,0,3.RFT.WRP0
		coreCGRA.PE_2,0,3.RFT.REG_O0
		coreCGRA.PE_2,0,3.RFT_REG_O0
		coreCGRA.PE_3,0,3.RFT_REG_I0
		coreCGRA.PE_3,0,3.RFT.REG_I0
		coreCGRA.PE_3,0,3.RFT.RDP0
		coreCGRA.PE_3,0,3.arithFU0.DP0_I1
		coreCGRA.PE_3,0,3.arithFU0.DP0.I1
node=34,mapped=PE_3,0,2
	parent:33
		coreCGRA.PE_2,0,2.logicFU0.DP0_T
		coreCGRA.PE_2,0,2.RFT.WRP0
		coreCGRA.PE_2,0,2.RFT.REG_O0
		coreCGRA.PE_2,0,2.RFT_REG_O0
		coreCGRA.PE_3,0,2.RFT_REG_I0
		coreCGRA.PE_3,0,2.RFT.REG_I0
		coreCGRA.PE_3,0,2.RFT.RDP0
		coreCGRA.PE_3,0,2.logicFU0.DP0_I1
		coreCGRA.PE_3,0,2.logicFU0.DP0.I1
node=29,mapped=PE_3,0,1
	parent:28
		coreCGRA.PE_3,0,1.logicFU0.DP0.I1
node=35,mapped=PE_1,0,2
	parent:34
		coreCGRA.PE_1,0,2.logicFU0.DP0.I2
	parent:44
		coreCGRA.PE_1,0,3.arithFU0.DP0_T
		coreCGRA.PE_1,0,3.WEST_O
		coreCGRA.PE_1,0,2.EAST_I
		coreCGRA.PE_1,0,2.EAST_XBARI
		coreCGRA.PE_1,0,2.logicFU0.DP0_I1
		coreCGRA.PE_1,0,2.logicFU0.DP0.I1
node=30,mapped=PE_1,0,2
	parent:29
		coreCGRA.PE_1,0,1.logicFU0.DP0_T
		coreCGRA.PE_1,0,1.EAST_O
		coreCGRA.PE_1,0,2.WEST_I
		coreCGRA.PE_1,0,2.WEST_XBARI
		coreCGRA.PE_1,0,2.arithFU0.DP0_I1
		coreCGRA.PE_1,0,2.arithFU0.DP0.I1
	parent:41
		coreCGRA.PE_0,1,3.arithFU0.DP0_T
		coreCGRA.PE_0,1,3.RFT.WRP0
		coreCGRA.PE_0,1,3.RFT.REG_O0
		coreCGRA.PE_0,1,3.RFT_REG_O0
		coreCGRA.PE_1,1,3.RFT_REG_I0
		coreCGRA.PE_1,1,3.RFT.REG_I0
		coreCGRA.PE_1,1,3.RFT.RDP0
		coreCGRA.PE_1,1,3.WEST_O
		coreCGRA.PE_1,1,2.EAST_I
		coreCGRA.PE_1,1,2.EAST_XBARI
		coreCGRA.PE_1,1,2.NORTH_O
		coreCGRA.PE_1,0,2.SOUTH_I
		coreCGRA.PE_1,0,2.SOUTH_XBARI
		coreCGRA.PE_1,0,2.arithFU0.DP0_I2
		coreCGRA.PE_1,0,2.arithFU0.DP0.I2
node=12,mapped=PE_3,0,1
	parent:9
		coreCGRA.PE_3,0,1.arithFU0.DP0.I1
	parent:30
		coreCGRA.PE_3,0,2.arithFU0.DP0_T
		coreCGRA.PE_3,0,2.WEST_O
		coreCGRA.PE_3,0,1.EAST_I
		coreCGRA.PE_3,0,1.EAST_XBARI
		coreCGRA.PE_3,0,1.arithFU0.DP0_I2
		coreCGRA.PE_3,0,1.arithFU0.DP0.I2
node=11,mapped=PE_3,0,0
	parent:9
		coreCGRA.PE_3,0,1.arithFU0.DP0_T
		coreCGRA.PE_3,0,1.SOUTH_O
		coreCGRA.PE_3,1,1.NORTH_I
		coreCGRA.PE_3,1,1.NORTH_XBARI
		coreCGRA.PE_3,1,1.WEST_O
		coreCGRA.PE_3,1,0.EAST_I
		coreCGRA.PE_3,1,0.EAST_XBARI
		coreCGRA.PE_3,1,0.NORTH_O
		coreCGRA.PE_3,0,0.SOUTH_I
		coreCGRA.PE_3,0,0.SOUTH_XBARI
		coreCGRA.PE_3,0,0.memFU0.DP0_I2
		coreCGRA.PE_3,0,0.memFU0.DP0.I2
	parent:30
		coreCGRA.PE_3,0,1.WEST_O
		coreCGRA.PE_3,0,0.EAST_I
		coreCGRA.PE_3,0,0.EAST_XBARI
		coreCGRA.PE_3,0,0.memFU0.DP0_I1
		coreCGRA.PE_3,0,0.memFU0.DP0.I1
node=19,mapped=PE_3,0,3
	parent:17
		coreCGRA.PE_2,0,1.arithFU0.DP0_T
		coreCGRA.PE_2,0,1.RFT.WRP0
		coreCGRA.PE_2,0,1.RFT.REG_O0
		coreCGRA.PE_2,0,1.RFT_REG_O0
		coreCGRA.PE_3,0,1.RFT_REG_I0
		coreCGRA.PE_3,0,1.RFT.REG_I0
		coreCGRA.PE_3,0,1.RFT.RDP0
		coreCGRA.PE_3,0,1.EAST_O
		coreCGRA.PE_3,0,2.WEST_I
		coreCGRA.PE_3,0,2.WEST_XBARI
		coreCGRA.PE_3,0,2.SOUTH_O
		coreCGRA.PE_3,1,2.NORTH_I
		coreCGRA.PE_3,1,2.NORTH_XBARI
		coreCGRA.PE_3,1,2.EAST_O
		coreCGRA.PE_3,1,3.WEST_I
		coreCGRA.PE_3,1,3.WEST_XBARI
		coreCGRA.PE_3,1,3.NORTH_O
		coreCGRA.PE_3,0,3.SOUTH_I
		coreCGRA.PE_3,0,3.SOUTH_XBARI
		coreCGRA.PE_3,0,3.logicFU0.DP0_I1
		coreCGRA.PE_3,0,3.logicFU0.DP0.I1
	parent:35
		coreCGRA.PE_3,0,2.logicFU0.DP0_T
		coreCGRA.PE_3,0,2.EAST_O
		coreCGRA.PE_3,0,3.WEST_I
		coreCGRA.PE_3,0,3.WEST_XBARI
		coreCGRA.PE_3,0,3.logicFU0.DP0_I2
		coreCGRA.PE_3,0,3.logicFU0.DP0.I2
node=18,mapped=PE_3,1,3
	parent:17
		coreCGRA.PE_3,1,3.arithFU0.DP0_I2
		coreCGRA.PE_3,1,3.arithFU0.DP0.I2
	parent:35
		coreCGRA.PE_3,0,3.SOUTH_O
		coreCGRA.PE_3,1,3.NORTH_I
		coreCGRA.PE_3,1,3.NORTH_XBARI
		coreCGRA.PE_3,1,3.arithFU0.DP0_I1
		coreCGRA.PE_3,1,3.arithFU0.DP0.I1
node=7,mapped=PE_1,0,0
	parent:6
		coreCGRA.PE_3,1,1.RF1.WRP0
		coreCGRA.PE_3,1,1.RF1.REG_O0
		coreCGRA.PE_3,1,1.RF1_REG_O0
		coreCGRA.PE_0,1,1.RF1_REG_I0
		coreCGRA.PE_0,1,1.RF1.REG_I0
		coreCGRA.PE_0,1,1.RF1.RDP0
		coreCGRA.PE_0,1,1.EAST_XBARI
		coreCGRA.PE_0,1,1.WEST_O
		coreCGRA.PE_0,1,0.EAST_I
		coreCGRA.PE_0,1,0.EAST_XBARI
		coreCGRA.PE_0,1,0.NORTH_O
		coreCGRA.PE_0,0,0.SOUTH_I
		coreCGRA.PE_0,0,0.RF3.WRP0
		coreCGRA.PE_0,0,0.RF3.REG_O0
		coreCGRA.PE_0,0,0.RF3_REG_O0
		coreCGRA.PE_1,0,0.RF3_REG_I0
		coreCGRA.PE_1,0,0.RF3.REG_I0
		coreCGRA.PE_1,0,0.RF3.RDP0
		coreCGRA.PE_1,0,0.SOUTH_XBARI
		coreCGRA.PE_1,0,0.memFU0.DP0_I2
		coreCGRA.PE_1,0,0.memFU0.DP0.I2
	parent:11
		coreCGRA.PE_1,0,0.memFU0.DP0.I1
node=13,mapped=PE_2,1,1
	parent:12
		coreCGRA.PE_1,0,1.arithFU0.DP0_T
		coreCGRA.PE_1,0,1.RFT.WRP0
		coreCGRA.PE_1,0,1.RFT.REG_O0
		coreCGRA.PE_1,0,1.RFT_REG_O0
		coreCGRA.PE_2,0,1.RFT_REG_I0
		coreCGRA.PE_2,0,1.RFT.REG_I0
		coreCGRA.PE_2,0,1.RFT.RDP0
		coreCGRA.PE_2,0,1.SOUTH_O
		coreCGRA.PE_2,1,1.NORTH_I
		coreCGRA.PE_2,1,1.NORTH_XBARI
		coreCGRA.PE_2,1,1.logicFU0.DP0_I1
		coreCGRA.PE_2,1,1.logicFU0.DP0.I1
	parent:23
		coreCGRA.PE_1,1,2.arithFU0.DP0_T
		coreCGRA.PE_1,1,2.RFT.WRP0
		coreCGRA.PE_1,1,2.RFT.REG_O0
		coreCGRA.PE_1,1,2.RFT_REG_O0
		coreCGRA.PE_2,1,2.RFT_REG_I0
		coreCGRA.PE_2,1,2.RFT.REG_I0
		coreCGRA.PE_2,1,2.RFT.RDP0
		coreCGRA.PE_2,1,2.WEST_O
		coreCGRA.PE_2,1,1.EAST_I
		coreCGRA.PE_2,1,1.EAST_XBARI
		coreCGRA.PE_2,1,1.logicFU0.DP0_I2
		coreCGRA.PE_2,1,1.logicFU0.DP0.I2
node=15,mapped=PE_2,1,3
	parent:14
		coreCGRA.PE_2,0,2.arithFU0.DP0_T
		coreCGRA.PE_2,0,2.SOUTH_O
		coreCGRA.PE_2,1,2.NORTH_I
		coreCGRA.PE_2,1,2.NORTH_XBARI
		coreCGRA.PE_2,1,2.EAST_O
		coreCGRA.PE_2,1,3.WEST_I
		coreCGRA.PE_2,1,3.WEST_XBARI
		coreCGRA.PE_2,1,3.logicFU0.DP0_I2
		coreCGRA.PE_2,1,3.logicFU0.DP0.I2
	parent:18
		coreCGRA.PE_1,1,3.arithFU0.DP0_T
		coreCGRA.PE_1,1,3.RFT.WRP0
		coreCGRA.PE_1,1,3.RFT.REG_O0
		coreCGRA.PE_1,1,3.RFT_REG_O0
		coreCGRA.PE_2,1,3.RFT_REG_I0
		coreCGRA.PE_2,1,3.RFT.REG_I0
		coreCGRA.PE_2,1,3.RFT.RDP0
		coreCGRA.PE_2,1,3.logicFU0.DP0_I1
		coreCGRA.PE_2,1,3.logicFU0.DP0.I1
node=20,mapped=PE_1,0,3
	parent:19
		coreCGRA.PE_1,0,3.logicFU0.DP0.I1
	parent:36
		coreCGRA.PE_1,2,2.NORTH_O
		coreCGRA.PE_1,1,2.SOUTH_I
		coreCGRA.PE_1,1,2.SOUTH_XBARI
		coreCGRA.PE_1,1,2.EAST_O
		coreCGRA.PE_1,1,3.WEST_I
		coreCGRA.PE_1,1,3.WEST_XBARI
		coreCGRA.PE_1,1,3.NORTH_O
		coreCGRA.PE_1,0,3.SOUTH_I
		coreCGRA.PE_1,0,3.SOUTH_XBARI
		coreCGRA.PE_1,0,3.logicFU0.DP0_I2
		coreCGRA.PE_1,0,3.logicFU0.DP0.I2
--------------------------------------------------------
